Using pre-set license
Built from '2020.3/staging' branch; Version is '2020.3.8f1 (507919d4fff5) revision 5273881'; Using compiler version '192528614'; Build Type 'Release'
OS: 'Windows 10 Home Single Language; OS build 22621.2134; Version 2009; 64bit' Language: 'en' Physical Memory: 8106 MB
BatchMode: 1, IsHumanControllingUs: 0, StartBugReporterOnCrash: 0, Is64bit: 1, IsPro: 0

 COMMAND LINE ARGUMENTS:
C:\Program Files\Unity\Hub\Editor\2020.3.8f1\Editor\Unity.exe
-adb2
-batchMode
-noUpm
-name
AssetImportWorker0
-projectPath
C:/Users/anshu/Downloads/UnityScatterplot-master/UnityScatterplot-master
-logFile
Logs/AssetImportWorker0.log
-srvPort
51937
Successfully changed project path to: C:/Users/anshu/Downloads/UnityScatterplot-master/UnityScatterplot-master
C:/Users/anshu/Downloads/UnityScatterplot-master/UnityScatterplot-master
Using Asset Import Pipeline V2.
Platform WindowsStandaloneSupport does not support graphics device type 

Refreshing native plugins compatible for Editor in 71.39 ms, found 0 plugins.
Preloading 0 native plugins for Editor in 0.00 ms.
Initialize engine version: 2020.3.8f1 (507919d4fff5)
[Subsystems] Discovering subsystems at path C:/Program Files/Unity/Hub/Editor/2020.3.8f1/Editor/Data/Resources/UnitySubsystems
[Subsystems] Discovering subsystems at path C:/Users/anshu/Downloads/UnityScatterplot-master/UnityScatterplot-master/Assets
GfxDevice: creating device client; threaded=0
Direct3D:
    Version:  Direct3D 11.0 [level 11.1]
    Renderer: AMD Radeon (TM) R7 M340 (ID=0x6900)
    Vendor:   
    VRAM:     4086 MB
    Driver:   27.20.1034.6
Initialize mono
Mono path[0] = 'C:/Program Files/Unity/Hub/Editor/2020.3.8f1/Editor/Data/Managed'
Mono path[1] = 'C:/Program Files/Unity/Hub/Editor/2020.3.8f1/Editor/Data/MonoBleedingEdge/lib/mono/unityjit'
Mono config path = 'C:/Program Files/Unity/Hub/Editor/2020.3.8f1/Editor/Data/MonoBleedingEdge/etc'
Using monoOptions --debugger-agent=transport=dt_socket,embedding=1,server=y,suspend=n,address=127.0.0.1:56216
Begin MonoManager ReloadAssembly
Registering precompiled unity dll's ...
Register platform support module: C:/Program Files/Unity/Hub/Editor/2020.3.8f1/Editor/Data/PlaybackEngines/WindowsStandaloneSupport/UnityEditor.WindowsStandalone.Extensions.dll
Registered in 0.004644 seconds.
Native extension for WindowsStandalone target not found
Refreshing native plugins compatible for Editor in 32.60 ms, found 0 plugins.
Preloading 0 native plugins for Editor in 0.00 ms.
Mono: successfully reloaded assembly
- Completed reload, in  2.210 seconds
Platform modules already initialized, skipping
Registering precompiled user dll's ...
Registered in 0.002034 seconds.
Begin MonoManager ReloadAssembly
Native extension for WindowsStandalone target not found
Refreshing native plugins compatible for Editor in 0.38 ms, found 0 plugins.
Preloading 0 native plugins for Editor in 0.00 ms.
Mono: successfully reloaded assembly
- Completed reload, in  1.951 seconds
Platform modules already initialized, skipping
========================================================================
Worker process is ready to serve import requests
Platform WindowsStandaloneSupport does not support graphics device type 

Launched and connected shader compiler UnityShaderCompiler.exe after 0.34 seconds
Refreshing native plugins compatible for Editor in 1.07 ms, found 0 plugins.
Preloading 0 native plugins for Editor in 0.00 ms.
Unloading 1155 Unused Serialized files (Serialized files now loaded: 0)
System memory in use before: 58.4 MB.
System memory in use after: 58.4 MB.

Unloading 9 unused Assets to reduce memory usage. Loaded Objects now: 1599.
Total: 5.984200 ms (FindLiveObjects: 0.371100 ms CreateObjectMapping: 0.118100 ms MarkObjects: 5.279500 ms  DeleteObjects: 0.211300 ms)

========================================================================
Received Import Request.
  path: Assets/DataBall.prefab
  artifactKey: Guid(38e51ff6a53e36b4694188da7c8f41c2) Importer(815301076,1909f56bfc062723c751e8b465ee728b)
Start importing Assets/DataBall.prefab using Guid(38e51ff6a53e36b4694188da7c8f41c2) Importer(815301076,1909f56bfc062723c751e8b465ee728b)  -> (artifact id: '4973828ac606aa3c76b9acaa1b7853f5') in 1.422050 seconds
  Import took 1.429911 seconds .

========================================================================
Received Import Request.
  Time since last request: 3.953119 seconds.
  path: Assets/Scatterplot_Scene.unity
  artifactKey: Guid(c946c5afb903c3243bde9869ee597672) Importer(815301076,1909f56bfc062723c751e8b465ee728b)
Start importing Assets/Scatterplot_Scene.unity using Guid(c946c5afb903c3243bde9869ee597672) Importer(815301076,1909f56bfc062723c751e8b465ee728b)  -> (artifact id: 'eb66a24dde2ebccc6d9f73fcc1322cb8') in 0.059671 seconds
  Import took 0.063084 seconds .

========================================================================
Received Import Request.
  Time since last request: 0.061819 seconds.
  path: Assets/Scatterplot_Scene.unity
  artifactKey: Guid(c946c5afb903c3243bde9869ee597672) Importer(815301076,1909f56bfc062723c751e8b465ee728b)
Start importing Assets/Scatterplot_Scene.unity using Guid(c946c5afb903c3243bde9869ee597672) Importer(815301076,1909f56bfc062723c751e8b465ee728b)  -> (artifact id: 'eb66a24dde2ebccc6d9f73fcc1322cb8') in 0.005287 seconds
  Import took 0.008954 seconds .

========================================================================
Received Import Request.
  Time since last request: 4.841093 seconds.
  path: Assets/DataPlotter.cs
  artifactKey: Guid(3735dc8af6895994c9ad9e8a46cb87d5) Importer(815301076,1909f56bfc062723c751e8b465ee728b)
Start importing Assets/DataPlotter.cs using Guid(3735dc8af6895994c9ad9e8a46cb87d5) Importer(815301076,1909f56bfc062723c751e8b465ee728b)  -> (artifact id: '16af757f1b7f09681523fd91506e38f0') in 0.108522 seconds
  Import took 0.112344 seconds .

========================================================================
Received Import Request.
  Time since last request: 5.049834 seconds.
  path: Assets/CSVReader.cs
  artifactKey: Guid(375534aa6a7c30143bc196f5c37c24d7) Importer(815301076,1909f56bfc062723c751e8b465ee728b)
Start importing Assets/CSVReader.cs using Guid(375534aa6a7c30143bc196f5c37c24d7) Importer(815301076,1909f56bfc062723c751e8b465ee728b)  -> (artifact id: 'c0cebbd290766592e141bad33c9f0892') in 0.049248 seconds
  Import took 0.052800 seconds .

========================================================================
Received Import Request.
  Time since last request: 3.316292 seconds.
  path: Assets/Standard Assets
  artifactKey: Guid(238dd03b79f3e954192b0124bd2eca00) Importer(815301076,1909f56bfc062723c751e8b465ee728b)
Start importing Assets/Standard Assets using Guid(238dd03b79f3e954192b0124bd2eca00) Importer(815301076,1909f56bfc062723c751e8b465ee728b)  -> (artifact id: '6264fea57ae5790b9e99e28065986220') in 0.020496 seconds
  Import took 0.025091 seconds .

========================================================================
Received Import Request.
  Time since last request: 9.252306 seconds.
  path: Assets/Resources/iris.csv
  artifactKey: Guid(58a22050492f5f34a86a54d14a721894) Importer(815301076,1909f56bfc062723c751e8b465ee728b)
Start importing Assets/Resources/iris.csv using Guid(58a22050492f5f34a86a54d14a721894) Importer(815301076,1909f56bfc062723c751e8b465ee728b)  -> (artifact id: 'ea5f6ea5d7db2cd75b04fa5308a0e8d6') in 0.145782 seconds
  Import took 0.149159 seconds .

========================================================================
Received Prepare
Platform WindowsStandaloneSupport does not support graphics device type 

Registering precompiled user dll's ...
Registered in 0.002516 seconds.
Begin MonoManager ReloadAssembly
Native extension for WindowsStandalone target not found
Refreshing native plugins compatible for Editor in 0.30 ms, found 0 plugins.
Preloading 0 native plugins for Editor in 0.00 ms.
Mono: successfully reloaded assembly
- Completed reload, in  1.830 seconds
Platform modules already initialized, skipping
Refreshing native plugins compatible for Editor in 0.81 ms, found 0 plugins.
Preloading 0 native plugins for Editor in 0.00 ms.
Unloading 1149 Unused Serialized files (Serialized files now loaded: 0)
System memory in use before: 61.4 MB.
System memory in use after: 61.5 MB.

Unloading 5 unused Assets to reduce memory usage. Loaded Objects now: 1610.
Total: 6.630900 ms (FindLiveObjects: 0.541700 ms CreateObjectMapping: 0.159600 ms MarkObjects: 5.827300 ms  DeleteObjects: 0.097200 ms)

========================================================================
Received Prepare
Platform WindowsStandaloneSupport does not support graphics device type 

Registering precompiled user dll's ...
Registered in 0.001604 seconds.
Begin MonoManager ReloadAssembly
Native extension for WindowsStandalone target not found
Refreshing native plugins compatible for Editor in 0.61 ms, found 0 plugins.
Preloading 0 native plugins for Editor in 0.00 ms.
Mono: successfully reloaded assembly
- Completed reload, in  1.677 seconds
Platform modules already initialized, skipping
Refreshing native plugins compatible for Editor in 0.83 ms, found 0 plugins.
Preloading 0 native plugins for Editor in 0.00 ms.
Unloading 1149 Unused Serialized files (Serialized files now loaded: 0)
System memory in use before: 61.5 MB.
System memory in use after: 61.6 MB.

Unloading 4 unused Assets to reduce memory usage. Loaded Objects now: 1613.
Total: 6.002700 ms (FindLiveObjects: 0.416500 ms CreateObjectMapping: 0.125400 ms MarkObjects: 5.402600 ms  DeleteObjects: 0.054200 ms)

AssetImportWorkerClient::OnTransportError - code=2 error=End of file
